<?xml version="1.0" encoding="UTF-8"?>
<!-- Generated by org.testng.reporters.JUnitXMLReporter -->
<testsuite hostname="DESKTOP-IT1KP8Q" name="Test" tests="7" failures="0" timestamp="6 Jun 2020 04:08:11 GMT" time="9.8" errors="0">
  <testcase name="@BeforeMethod browserOpen" time="0.0" classname="org.testing.testScripts.TC5">
    <failure type="org.openqa.selenium.NoSuchWindowException" message="no such window: target window already closed
from unknown error: web view not found
  (Session info: chrome=83.0.4103.97)
  (Driver info: chromedriver=83.0.4103.39 (ccbf011cb2d2b19b506d844400483861342c20cd-refs/branch-heads/4103@{#416}),platform=Windows NT 10.0.18362 x86_64) (WARNING: The server did not provide any stacktrace information)
Command duration or timeout: 91 milliseconds
Build info: version: &amp;apos;2.48.2&amp;apos;, revision: &amp;apos;41bccdd&amp;apos;, time: &amp;apos;2015-10-09 19:55:52&amp;apos;
System info: host: &amp;apos;DESKTOP-IT1KP8Q&amp;apos;, ip: &amp;apos;192.168.1.101&amp;apos;, os.name: &amp;apos;Windows 10&amp;apos;, os.arch: &amp;apos;amd64&amp;apos;, os.version: &amp;apos;10.0&amp;apos;, java.version: &amp;apos;1.8.0_251&amp;apos;
Driver info: org.openqa.selenium.chrome.ChromeDriver
Capabilities [{mobileEmulationEnabled=false, timeouts={implicit=0, pageLoad=300000, script=30000}, hasTouchScreen=false, platform=XP, acceptSslCerts=false, goog:chromeOptions={debuggerAddress=localhost:54571}, acceptInsecureCerts=false, webStorageEnabled=true, browserName=chrome, takesScreenshot=true, javascriptEnabled=true, setWindowRect=true, unexpectedAlertBehaviour=ignore, applicationCacheEnabled=false, rotatable=false, networkConnectionEnabled=false, chrome={chromedriverVersion=83.0.4103.39 (ccbf011cb2d2b19b506d844400483861342c20cd-refs/branch-heads/4103@{#416}), userDataDir=C:\Users\lenovo\AppData\Local\Temp\scoped_dir2236_1973536970}, takesHeapSnapshot=true, pageLoadStrategy=normal, strictFileInteractability=false, databaseEnabled=false, handlesAlerts=true, version=83.0.4103.97, browserConnectionEnabled=false, proxy={}, nativeEvents=true, locationContextEnabled=true, cssSelectorsEnabled=true, webauthn:virtualAuthenticators=true}]
Session ID: d3bde7cb09467f5ef30f571401c7e539">
      <![CDATA[org.openqa.selenium.NoSuchWindowException: no such window: target window already closed
from unknown error: web view not found
  (Session info: chrome=83.0.4103.97)
  (Driver info: chromedriver=83.0.4103.39 (ccbf011cb2d2b19b506d844400483861342c20cd-refs/branch-heads/4103@{#416}),platform=Windows NT 10.0.18362 x86_64) (WARNING: The server did not provide any stacktrace information)
Command duration or timeout: 91 milliseconds
Build info: version: '2.48.2', revision: '41bccdd', time: '2015-10-09 19:55:52'
System info: host: 'DESKTOP-IT1KP8Q', ip: '192.168.1.101', os.name: 'Windows 10', os.arch: 'amd64', os.version: '10.0', java.version: '1.8.0_251'
Driver info: org.openqa.selenium.chrome.ChromeDriver
Capabilities [{mobileEmulationEnabled=false, timeouts={implicit=0, pageLoad=300000, script=30000}, hasTouchScreen=false, platform=XP, acceptSslCerts=false, goog:chromeOptions={debuggerAddress=localhost:54571}, acceptInsecureCerts=false, webStorageEnabled=true, browserName=chrome, takesScreenshot=true, javascriptEnabled=true, setWindowRect=true, unexpectedAlertBehaviour=ignore, applicationCacheEnabled=false, rotatable=false, networkConnectionEnabled=false, chrome={chromedriverVersion=83.0.4103.39 (ccbf011cb2d2b19b506d844400483861342c20cd-refs/branch-heads/4103@{#416}), userDataDir=C:\Users\lenovo\AppData\Local\Temp\scoped_dir2236_1973536970}, takesHeapSnapshot=true, pageLoadStrategy=normal, strictFileInteractability=false, databaseEnabled=false, handlesAlerts=true, version=83.0.4103.97, browserConnectionEnabled=false, proxy={}, nativeEvents=true, locationContextEnabled=true, cssSelectorsEnabled=true, webauthn:virtualAuthenticators=true}]
Session ID: d3bde7cb09467f5ef30f571401c7e539
	at org.openqa.selenium.remote.ErrorHandler.createThrowable(ErrorHandler.java:206)
	at org.openqa.selenium.remote.ErrorHandler.throwIfResponseFailed(ErrorHandler.java:158)
	at org.openqa.selenium.remote.RemoteWebDriver.execute(RemoteWebDriver.java:647)
	at org.openqa.selenium.remote.RemoteWebDriver$RemoteWebDriverOptions$RemoteWindow.maximize(RemoteWebDriver.java:907)
	at org.testing.Base.Base.browserOpen(Base.java:27)
... Removed 30 stack frames]]>
    </failure>
  </testcase> <!-- @BeforeMethod browserOpen -->
  <testcase name="@AfterMethod browserClose" time="0.0" classname="org.testing.testScripts.TC5">
    <skipped/>
  </testcase> <!-- @AfterMethod browserClose -->
  <testcase name="@BeforeMethod browserOpen" time="0.0" classname="org.testing.testScripts.TC6">
    <skipped/>
  </testcase> <!-- @BeforeMethod browserOpen -->
  <testcase name="@AfterMethod browserClose" time="0.0" classname="org.testing.testScripts.TC6">
    <skipped/>
  </testcase> <!-- @AfterMethod browserClose -->
  <testcase name="@BeforeMethod browserOpen" time="0.0" classname="org.testing.testScripts.TC7">
    <skipped/>
  </testcase> <!-- @BeforeMethod browserOpen -->
  <testcase name="@AfterMethod browserClose" time="0.0" classname="org.testing.testScripts.TC7">
    <skipped/>
  </testcase> <!-- @AfterMethod browserClose -->
  <testcase name="@BeforeMethod browserOpen" time="0.0" classname="org.testing.testScripts.TC1">
    <skipped/>
  </testcase> <!-- @BeforeMethod browserOpen -->
  <testcase name="@AfterMethod browserClose" time="0.0" classname="org.testing.testScripts.TC1">
    <skipped/>
  </testcase> <!-- @AfterMethod browserClose -->
  <testcase name="@BeforeMethod browserOpen" time="0.0" classname="org.testing.testScripts.TC2">
    <skipped/>
  </testcase> <!-- @BeforeMethod browserOpen -->
  <testcase name="@AfterMethod browserClose" time="0.0" classname="org.testing.testScripts.TC2">
    <skipped/>
  </testcase> <!-- @AfterMethod browserClose -->
  <testcase name="@BeforeMethod browserOpen" time="0.0" classname="org.testing.testScripts.TC3">
    <skipped/>
  </testcase> <!-- @BeforeMethod browserOpen -->
  <testcase name="@AfterMethod browserClose" time="0.0" classname="org.testing.testScripts.TC3">
    <skipped/>
  </testcase> <!-- @AfterMethod browserClose -->
  <testcase name="@BeforeMethod browserOpen" time="0.0" classname="org.testing.testScripts.TC4">
    <skipped/>
  </testcase> <!-- @BeforeMethod browserOpen -->
  <testcase name="@AfterMethod browserClose" time="0.0" classname="org.testing.testScripts.TC4">
    <skipped/>
  </testcase> <!-- @AfterMethod browserClose -->
  <testcase name="like" time="0.009" classname="org.testing.testScripts.TC5">
    <skipped/>
  </testcase> <!-- like -->
  <testcase name="channelSubscribe" time="0.004" classname="org.testing.testScripts.TC6">
    <skipped/>
  </testcase> <!-- channelSubscribe -->
  <testcase name="commentPost" time="0.005" classname="org.testing.testScripts.TC7">
    <skipped/>
  </testcase> <!-- commentPost -->
  <testcase name="trending" time="0.011" classname="org.testing.testScripts.TC1">
    <skipped/>
  </testcase> <!-- trending -->
  <testcase name="subscriptions" time="0.01" classname="org.testing.testScripts.TC2">
    <skipped/>
  </testcase> <!-- subscriptions -->
  <testcase name="library" time="0.012" classname="org.testing.testScripts.TC3">
    <skipped/>
  </testcase> <!-- library -->
  <testcase name="history" time="0.012" classname="org.testing.testScripts.TC4">
    <skipped/>
  </testcase> <!-- history -->
</testsuite> <!-- Test -->
